<?xml version="1.0" encoding="UTF-8"?>
<testng-results skipped="0" failed="0" ignored="0" total="1" passed="1">
  <reporter-output>
  </reporter-output>
  <suite name="Default suite" duration-ms="6665" started-at="2020-05-07T06:53:38 UTC" finished-at="2020-05-07T06:53:45 UTC">
    <groups>
    </groups>
    <test name="Default test" duration-ms="6665" started-at="2020-05-07T06:53:38 UTC" finished-at="2020-05-07T06:53:45 UTC">
      <class name="demoSelenium.Demo">
        <test-method status="PASS" signature="f()[pri:0, instance:demoSelenium.Demo@47ef968d]" name="f" duration-ms="6597" started-at="2020-05-07T06:53:38 UTC" finished-at="2020-05-07T06:53:45 UTC">
          <reporter-output>
          </reporter-output>
        </test-method> <!-- f -->
      </class> <!-- demoSelenium.Demo -->
    </test> <!-- Default test -->
  </suite> <!-- Default suite -->
</testng-results>
